weipaiSDK/demo4.7/proguard/seeds.txt
com.lbc.rx.demo.LauncherActivity
com.lbc.rx.demo.LauncherActivity: LauncherActivity()
com.lbc.rx.demo.WpayDemo
com.lbc.rx.demo.WpayDemo: WpayDemo()
...
com.bx.pay.ApkUpdate
com.bx.pay.ApkUpdate: android.content.Context context
com.bx.pay.ApkUpdate: com.bx.pay.backinf.ApkUpdateCallback apkUpdateCallback
com.bx.pay.ApkUpdate: com.bx.pay.utils.k pd
com.bx.pay.ApkUpdate: android.os.Handler updateSDKJARDataHandler
com.bx.pay.ApkUpdate: java.lang.String getInitDataDir()
com.bx.pay.ApkUpdate: ApkUpdate(android.content.Context,com.bx.pay.backinf.ApkUpdateCallback)
com.bx.pay.ApkUpdate: com.bx.pay.backinf.ApkUpdateCallback access$0(com.bx.pay.ApkUpdate)
com.bx.pay.ApkUpdate: android.os.Handler access$1(com.bx.pay.ApkUpdate)
com.bx.pay.ApkUpdate: android.content.Context access$2(com.bx.pay.ApkUpdate)
com.bx.pay.BXPay
com.bx.pay.BXPay: int a
com.bx.pay.BXPay: java.lang.String b
com.bx.pay.BXPay: android.content.Context g
com.bx.pay.BXPay: android.content.Context h
com.bx.pay.BXPay: java.lang.String i
com.bx.pay.BXPay: java.lang.String j
com.bx.pay.BXPay: java.lang.String k
com.bx.pay.BXPay: java.lang.String l
com.bx.pay.BXPay: java.lang.String m
com.bx.pay.BXPay: java.lang.Class n
com.bx.pay.BXPay: java.lang.Object o
com.bx.pay.BXPay: dalvik.system.DexClassLoader p
com.bx.pay.BXPay: java.lang.String q
com.bx.pay.BXPay: com.bx.pay.backinf.PayItemCallback c
com.bx.pay.BXPay: com.bx.pay.backinf.PayCheckCallback d
com.bx.pay.BXPay: com.bx.pay.backinf.PayCallback e
com.bx.pay.BXPay: int r
com.bx.pay.BXPay: int s
com.bx.pay.BXPay: int t
com.bx.pay.BXPay: int u
com.bx.pay.BXPay: int v
com.bx.pay.BXPay: int w
com.bx.pay.BXPay: java.util.Map x
com.bx.pay.BXPay: java.util.Map y
com.bx.pay.BXPay: java.util.Map z
com.bx.pay.BXPay: android.os.Handler f
com.bx.pay.BXPay: void <clinit>()
com.bx.pay.BXPay: BXPay(android.content.Context,java.lang.String,java.lang.String)
com.bx.pay.BXPay: BXPay(android.content.Context)
com.bx.pay.BXPay: void a(int)
com.bx.pay.BXPay: void pay(java.lang.String,com.bx.pay.backinf.PayCallback)
com.bx.pay.BXPay: void a(java.util.Map,android.content.Context,com.bx.pay.backinf.PayCallback)
com.bx.pay.BXPay: void setDevPrivate(java.util.Map)
com.bx.pay.BXPay: android.content.Context a()
com.bx.pay.SmsListener
com.bx.pay.SmsListener: java.lang.String b
com.bx.pay.SmsListener: com.bx.pay.utils.j a
com.bx.pay.SmsListener: void <clinit>()
com.bx.pay.SmsListener: SmsListener()
com.bx.pay.SmsListener: void onReceive(android.content.Context,android.content.Intent)
com.bx.pay.UpActivity
com.bx.pay.UpActivity: java.lang.String b
com.bx.pay.UpActivity: java.lang.String c
com.bx.pay.UpActivity: com.bx.pay.backinf.PayCallback a
com.bx.pay.UpActivity: android.content.Context d
com.bx.pay.UpActivity: UpActivity()
com.bx.pay.UpActivity: void onCreate(android.os.Bundle)
com.bx.pay.UpActivity: void onActivityResult(int,int,android.content.Intent)
com.bx.pay.WpaySmsService
com.bx.pay.WpaySmsService: int a
com.bx.pay.WpaySmsService: int b
com.bx.pay.WpaySmsService: java.lang.String c
com.bx.pay.WpaySmsService: long h
com.bx.pay.WpaySmsService: java.util.List d
com.bx.pay.WpaySmsService: com.bx.pay.SmsListener i
com.bx.pay.WpaySmsService: android.os.Handler e
com.bx.pay.WpaySmsService: java.lang.Runnable f
com.bx.pay.WpaySmsService: java.lang.String g
com.bx.pay.WpaySmsService: void <clinit>()
com.bx.pay.WpaySmsService: WpaySmsService()
com.bx.pay.WpaySmsService: boolean a(android.content.Context,java.lang.String)
com.bx.pay.WpaySmsService: void onCreate()
com.bx.pay.WpaySmsService: android.os.IBinder onBind(android.content.Intent)
com.bx.pay.WpaySmsService: void onStart(android.content.Intent,int)
com.bx.pay.WpaySmsService: java.util.Map b(java.lang.String,java.lang.String,java.lang.String,int)
com.bx.pay.WpaySmsService: void a(com.bx.pay.WpaySmsService)
com.bx.pay.WpaySmsService: java.util.Map a(java.lang.String,java.lang.String,java.lang.String,int)
com.bx.pay.WpaySmsService: void a(com.bx.pay.WpaySmsService,long)
com.bx.pay.WpaySmsService: long b(com.bx.pay.WpaySmsService)