weipaiSDK/demo4.7/proguard/mapping.txt
com.lbc.rx.demo.LauncherActivity -> com.lbc.rx.demo.LauncherActivity:
    android.app.Activity otherActivity -> a
    void onCreate(android.os.Bundle) -> onCreate
    void update(android.content.Context) -> a
com.lbc.rx.demo.LauncherActivity$1 -> com.lbc.rx.demo.a:
    com.lbc.rx.demo.LauncherActivity this$0 -> a
    android.content.Context val$context -> b
    void launch(java.util.Map) -> launch
com.lbc.rx.demo.WpayDemo -> com.lbc.rx.demo.WpayDemo:
    android.widget.Button pay_but_0001 -> a
    android.widget.Button pay_but_0002 -> b
    android.widget.Button pay_but_0003 -> c
    android.widget.Button pay_but_0004 -> d
    android.widget.Button pay_but_0005 -> e
    android.widget.Button pay_but_0006 -> f
    android.widget.Button pay_but_0007 -> g
    android.widget.Button pay_but_0008 -> h
    android.widget.Button pay_but_0009 -> i
    android.widget.Button pay_but_00010 -> j
    com.bx.pay.BXPay bxpay -> k
    java.lang.String payCode -> l
    android.content.Context context -> m
    android.view.View$OnClickListener clickListener -> n
    void onCreate(android.os.Bundle) -> onCreate
    void access$0(com.lbc.rx.demo.WpayDemo,java.lang.String) -> a
com.lbc.rx.demo.WpayDemo$1 -> com.lbc.rx.demo.b:
    com.lbc.rx.demo.WpayDemo this$0 -> a
    void onClick(android.view.View) -> onClick
com.lbc.rx.demo.WpayDemo$2 -> com.lbc.rx.demo.c:
    com.lbc.rx.demo.WpayDemo this$0 -> a
    void pay(java.util.Map) -> pay
...
com.bx.pay.ApkUpdate -> com.bx.pay.ApkUpdate:
    android.content.Context context -> context
    com.bx.pay.backinf.ApkUpdateCallback apkUpdateCallback -> apkUpdateCallback
    com.bx.pay.utils.k pd -> pd
    android.os.Handler updateSDKJARDataHandler -> updateSDKJARDataHandler
    java.lang.String getInitDataDir() -> getInitDataDir
    com.bx.pay.backinf.ApkUpdateCallback access$0(com.bx.pay.ApkUpdate) -> access$0
    android.os.Handler access$1(com.bx.pay.ApkUpdate) -> access$1
    android.content.Context access$2(com.bx.pay.ApkUpdate) -> access$2
com.bx.pay.BXPay -> com.bx.pay.BXPay:
    int a -> a
    java.lang.String b -> b
    android.content.Context g -> g
    android.content.Context h -> h
    java.lang.String i -> i
    java.lang.String j -> j
    java.lang.String k -> k
    java.lang.String l -> l
    java.lang.String m -> m
    java.lang.Class n -> n
    java.lang.Object o -> o
    dalvik.system.DexClassLoader p -> p
    java.lang.String q -> q
    com.bx.pay.backinf.PayItemCallback c -> c
    com.bx.pay.backinf.PayCheckCallback d -> d
    com.bx.pay.backinf.PayCallback e -> e
    int r -> r
    int s -> s
    int t -> t
    int u -> u
    int v -> v
    int w -> w
    java.util.Map x -> x
    java.util.Map y -> y
    java.util.Map z -> z
    android.os.Handler f -> f
    void a(int) -> a
    void pay(java.lang.String,com.bx.pay.backinf.PayCallback) -> pay
    void a(java.util.Map,android.content.Context,com.bx.pay.backinf.PayCallback) -> a
    void setDevPrivate(java.util.Map) -> setDevPrivate
    android.content.Context a() -> a
com.bx.pay.SmsListener -> com.bx.pay.SmsListener:
    java.lang.String b -> b
    com.bx.pay.utils.j a -> a
    void onReceive(android.content.Context,android.content.Intent) -> onReceive
com.bx.pay.UpActivity -> com.bx.pay.UpActivity:
    java.lang.String b -> b
    java.lang.String c -> c
    com.bx.pay.backinf.PayCallback a -> a
    android.content.Context d -> d
    void onCreate(android.os.Bundle) -> onCreate
    void onActivityResult(int,int,android.content.Intent) -> onActivityResult
com.bx.pay.WpaySmsService -> com.bx.pay.WpaySmsService:
    int a -> a
    int b -> b
    java.lang.String c -> c
    long h -> h
    java.util.List d -> d
    com.bx.pay.SmsListener i -> i
    android.os.Handler e -> e
    java.lang.Runnable f -> f
    java.lang.String g -> g
    boolean a(android.content.Context,java.lang.String) -> a
    void onCreate() -> onCreate
    android.os.IBinder onBind(android.content.Intent) -> onBind
    void onStart(android.content.Intent,int) -> onStart
    java.util.Map b(java.lang.String,java.lang.String,java.lang.String,int) -> b
    void a(com.bx.pay.WpaySmsService) -> a
    java.util.Map a(java.lang.String,java.lang.String,java.lang.String,int) -> a
    void a(com.bx.pay.WpaySmsService,long) -> a
    long b(com.bx.pay.WpaySmsService) -> b
com.bx.pay.a -> com.bx.pay.a:
    java.lang.String a -> a
    com.bx.pay.ApkUpdate b -> b
    void handleMessage(android.os.Message) -> handleMessage
com.bx.pay.a.a -> com.bx.pay.a.a:
    java.util.Map a -> a
    java.lang.String a(java.lang.String) -> a
com.bx.pay.a.b -> com.bx.pay.a.b:
    java.lang.String b -> b
    java.lang.String c -> c
    java.lang.String d -> d
    android.content.Context a -> a
com.bx.pay.a.c -> com.bx.pay.a.c:
    boolean a -> a
    long b -> b
    java.lang.String c -> c
    int d -> d
    boolean n -> n
    java.lang.String o -> o
    java.lang.String e -> e
    java.lang.String f -> f
    java.lang.String g -> g
    java.lang.String h -> h
    int i -> i
    int j -> j
    int k -> k
    int l -> l
    java.util.HashMap m -> m
    java.util.HashMap a(android.content.Context) -> a
    java.lang.String a(java.lang.String) -> a
    int a(java.lang.String,int) -> a