weipaiSDK/demo4.7/proguard/usage.txt
com.lbc.rx.demo.BuildConfig
com.lbc.rx.demo.LauncherActivity:
    45:47:public void setActivity(android.app.Activity)
com.lbc.rx.demo.R
com.lbc.rx.demo.R$attr
com.lbc.rx.demo.R$drawable
com.lbc.rx.demo.R$layout
com.lbc.rx.demo.R$string
com.lbc.rx.demo.WpayDemo:
    android.widget.TextView textTest1
    android.widget.TextView textTest
    private android.app.Activity otherActivity
...
android.annotation.SuppressLint
android.annotation.TargetApi